
> backend@0.0.1 start
> nest start

(node:790923) [DEP0190] DeprecationWarning: Passing args to a child process with shell option true can lead to security vulnerabilities, as the arguments are not escaped, only concatenated.
(Use `node --trace-deprecation ...` to show where the warning was created)
[32m[Nest] 791050  - [39m09/19/2025, 1:04:52 AM [32m    LOG[39m [38;5;3m[NestFactory] [39m[32mStarting Nest application...[39m
[32m[Nest] 791050  - [39m09/19/2025, 1:04:52 AM [32m    LOG[39m [38;5;3m[InstanceLoader] [39m[32mPrismaModule dependencies initialized[39m[38;5;3m +32ms[39m
[32m[Nest] 791050  - [39m09/19/2025, 1:04:52 AM [32m    LOG[39m [38;5;3m[InstanceLoader] [39m[32mPassportModule dependencies initialized[39m[38;5;3m +0ms[39m
[32m[Nest] 791050  - [39m09/19/2025, 1:04:52 AM [32m    LOG[39m [38;5;3m[InstanceLoader] [39m[32mLoggerModule dependencies initialized[39m[38;5;3m +0ms[39m
[32m[Nest] 791050  - [39m09/19/2025, 1:04:52 AM [32m    LOG[39m [38;5;3m[InstanceLoader] [39m[32mThrottlerModule dependencies initialized[39m[38;5;3m +1ms[39m
[32m[Nest] 791050  - [39m09/19/2025, 1:04:52 AM [32m    LOG[39m [38;5;3m[InstanceLoader] [39m[32mJwtModule dependencies initialized[39m[38;5;3m +0ms[39m
[32m[Nest] 791050  - [39m09/19/2025, 1:04:52 AM [32m    LOG[39m [38;5;3m[InstanceLoader] [39m[32mCacheModule dependencies initialized[39m[38;5;3m +1ms[39m
[32m[Nest] 791050  - [39m09/19/2025, 1:04:52 AM [32m    LOG[39m [38;5;3m[InstanceLoader] [39m[32mCacheModule dependencies initialized[39m[38;5;3m +0ms[39m
[32m[Nest] 791050  - [39m09/19/2025, 1:04:52 AM [32m    LOG[39m [38;5;3m[InstanceLoader] [39m[32mChoicesModule dependencies initialized[39m[38;5;3m +0ms[39m
[32m[Nest] 791050  - [39m09/19/2025, 1:04:52 AM [32m    LOG[39m [38;5;3m[InstanceLoader] [39m[32mStoriesModule dependencies initialized[39m[38;5;3m +1ms[39m
[32m[Nest] 791050  - [39m09/19/2025, 1:04:52 AM [32m    LOG[39m [38;5;3m[InstanceLoader] [39m[32mNodesModule dependencies initialized[39m[38;5;3m +0ms[39m
[32m[Nest] 791050  - [39m09/19/2025, 1:04:52 AM [32m    LOG[39m [38;5;3m[InstanceLoader] [39m[32mUsersModule dependencies initialized[39m[38;5;3m +0ms[39m
[32m[Nest] 791050  - [39m09/19/2025, 1:04:52 AM [32m    LOG[39m [38;5;3m[InstanceLoader] [39m[32mRpgTemplatesModule dependencies initialized[39m[38;5;3m +0ms[39m
[32m[Nest] 791050  - [39m09/19/2025, 1:04:52 AM [32m    LOG[39m [38;5;3m[InstanceLoader] [39m[32mAchievementsModule dependencies initialized[39m[38;5;3m +0ms[39m
[32m[Nest] 791050  - [39m09/19/2025, 1:04:52 AM [32m    LOG[39m [38;5;3m[InstanceLoader] [39m[32mSocialModule dependencies initialized[39m[38;5;3m +0ms[39m
[32m[Nest] 791050  - [39m09/19/2025, 1:04:52 AM [32m    LOG[39m [38;5;3m[InstanceLoader] [39m[32mDiscoveryModule dependencies initialized[39m[38;5;3m +0ms[39m
[32m[Nest] 791050  - [39m09/19/2025, 1:04:52 AM [32m    LOG[39m [38;5;3m[InstanceLoader] [39m[32mAuthModule dependencies initialized[39m[38;5;3m +0ms[39m
[32m[Nest] 791050  - [39m09/19/2025, 1:04:52 AM [32m    LOG[39m [38;5;3m[InstanceLoader] [39m[32mPlayerModule dependencies initialized[39m[38;5;3m +0ms[39m
[32m[Nest] 791050  - [39m09/19/2025, 1:04:52 AM [32m    LOG[39m [38;5;3m[InstanceLoader] [39m[32mAppModule dependencies initialized[39m[38;5;3m +0ms[39m
[32m[Nest] 791050  - [39m09/19/2025, 1:04:52 AM [32m    LOG[39m [38;5;3m[RoutesResolver] [39m[32mAppController {/}:[39m[38;5;3m +4ms[39m
[32m[Nest] 791050  - [39m09/19/2025, 1:04:52 AM [32m    LOG[39m [38;5;3m[RouterExplorer] [39m[32mMapped {/, GET} route[39m[38;5;3m +2ms[39m
[32m[Nest] 791050  - [39m09/19/2025, 1:04:52 AM [32m    LOG[39m [38;5;3m[RoutesResolver] [39m[32mNodesController {/nodes}:[39m[38;5;3m +0ms[39m
[32m[Nest] 791050  - [39m09/19/2025, 1:04:52 AM [32m    LOG[39m [38;5;3m[RouterExplorer] [39m[32mMapped {/nodes, POST} route[39m[38;5;3m +1ms[39m
[32m[Nest] 791050  - [39m09/19/2025, 1:04:52 AM [32m    LOG[39m [38;5;3m[RouterExplorer] [39m[32mMapped {/nodes/story/:storyId, GET} route[39m[38;5;3m +1ms[39m
[32m[Nest] 791050  - [39m09/19/2025, 1:04:52 AM [32m    LOG[39m [38;5;3m[RouterExplorer] [39m[32mMapped {/nodes/:id, GET} route[39m[38;5;3m +1ms[39m
[32m[Nest] 791050  - [39m09/19/2025, 1:04:52 AM [32m    LOG[39m [38;5;3m[RouterExplorer] [39m[32mMapped {/nodes/:id, PATCH} route[39m[38;5;3m +0ms[39m
[32m[Nest] 791050  - [39m09/19/2025, 1:04:52 AM [32m    LOG[39m [38;5;3m[RouterExplorer] [39m[32mMapped {/nodes/:id, DELETE} route[39m[38;5;3m +0ms[39m
[32m[Nest] 791050  - [39m09/19/2025, 1:04:52 AM [32m    LOG[39m [38;5;3m[RoutesResolver] [39m[32mChoicesController {/choices}:[39m[38;5;3m +0ms[39m
[32m[Nest] 791050  - [39m09/19/2025, 1:04:52 AM [32m    LOG[39m [38;5;3m[RouterExplorer] [39m[32mMapped {/choices, POST} route[39m[38;5;3m +1ms[39m
[32m[Nest] 791050  - [39m09/19/2025, 1:04:52 AM [32m    LOG[39m [38;5;3m[RouterExplorer] [39m[32mMapped {/choices/story/:storyId, GET} route[39m[38;5;3m +0ms[39m
[32m[Nest] 791050  - [39m09/19/2025, 1:04:52 AM [32m    LOG[39m [38;5;3m[RouterExplorer] [39m[32mMapped {/choices/:id, GET} route[39m[38;5;3m +0ms[39m
[32m[Nest] 791050  - [39m09/19/2025, 1:04:52 AM [32m    LOG[39m [38;5;3m[RouterExplorer] [39m[32mMapped {/choices/:id, PATCH} route[39m[38;5;3m +1ms[39m
[32m[Nest] 791050  - [39m09/19/2025, 1:04:52 AM [32m    LOG[39m [38;5;3m[RouterExplorer] [39m[32mMapped {/choices/:id, DELETE} route[39m[38;5;3m +0ms[39m
[32m[Nest] 791050  - [39m09/19/2025, 1:04:52 AM [32m    LOG[39m [38;5;3m[RoutesResolver] [39m[32mAuthController {/auth}:[39m[38;5;3m +0ms[39m
[32m[Nest] 791050  - [39m09/19/2025, 1:04:52 AM [32m    LOG[39m [38;5;3m[RouterExplorer] [39m[32mMapped {/auth/register, POST} route[39m[38;5;3m +0ms[39m
[32m[Nest] 791050  - [39m09/19/2025, 1:04:52 AM [32m    LOG[39m [38;5;3m[RouterExplorer] [39m[32mMapped {/auth/login, POST} route[39m[38;5;3m +0ms[39m
[32m[Nest] 791050  - [39m09/19/2025, 1:04:52 AM [32m    LOG[39m [38;5;3m[RouterExplorer] [39m[32mMapped {/auth/refresh, POST} route[39m[38;5;3m +0ms[39m
[32m[Nest] 791050  - [39m09/19/2025, 1:04:52 AM [32m    LOG[39m [38;5;3m[RouterExplorer] [39m[32mMapped {/auth/verify-email, POST} route[39m[38;5;3m +1ms[39m
[32m[Nest] 791050  - [39m09/19/2025, 1:04:52 AM [32m    LOG[39m [38;5;3m[RouterExplorer] [39m[32mMapped {/auth/forgot-password, POST} route[39m[38;5;3m +0ms[39m
[32m[Nest] 791050  - [39m09/19/2025, 1:04:52 AM [32m    LOG[39m [38;5;3m[RouterExplorer] [39m[32mMapped {/auth/reset-password, POST} route[39m[38;5;3m +0ms[39m
[32m[Nest] 791050  - [39m09/19/2025, 1:04:52 AM [32m    LOG[39m [38;5;3m[RouterExplorer] [39m[32mMapped {/auth/change-password, POST} route[39m[38;5;3m +0ms[39m
[32m[Nest] 791050  - [39m09/19/2025, 1:04:52 AM [32m    LOG[39m [38;5;3m[RouterExplorer] [39m[32mMapped {/auth/logout, POST} route[39m[38;5;3m +0ms[39m
[32m[Nest] 791050  - [39m09/19/2025, 1:04:52 AM [32m    LOG[39m [38;5;3m[RoutesResolver] [39m[32mStoriesController {/stories}:[39m[38;5;3m +0ms[39m
[32m[Nest] 791050  - [39m09/19/2025, 1:04:52 AM [32m    LOG[39m [38;5;3m[RouterExplorer] [39m[32mMapped {/stories, POST} route[39m[38;5;3m +1ms[39m
[32m[Nest] 791050  - [39m09/19/2025, 1:04:52 AM [32m    LOG[39m [38;5;3m[RouterExplorer] [39m[32mMapped {/stories, GET} route[39m[38;5;3m +0ms[39m
[32m[Nest] 791050  - [39m09/19/2025, 1:04:52 AM [32m    LOG[39m [38;5;3m[RouterExplorer] [39m[32mMapped {/stories/:id, GET} route[39m[38;5;3m +0ms[39m
[32m[Nest] 791050  - [39m09/19/2025, 1:04:52 AM [32m    LOG[39m [38;5;3m[RouterExplorer] [39m[32mMapped {/stories/:id, PUT} route[39m[38;5;3m +0ms[39m
[32m[Nest] 791050  - [39m09/19/2025, 1:04:52 AM [32m    LOG[39m [38;5;3m[RouterExplorer] [39m[32mMapped {/stories/:id, DELETE} route[39m[38;5;3m +0ms[39m
[32m[Nest] 791050  - [39m09/19/2025, 1:04:52 AM [32m    LOG[39m [38;5;3m[RouterExplorer] [39m[32mMapped {/stories/:id/publish, POST} route[39m[38;5;3m +1ms[39m
[32m[Nest] 791050  - [39m09/19/2025, 1:04:52 AM [32m    LOG[39m [38;5;3m[RouterExplorer] [39m[32mMapped {/stories/:storyId/chapters, POST} route[39m[38;5;3m +0ms[39m
[32m[Nest] 791050  - [39m09/19/2025, 1:04:52 AM [32m    LOG[39m [38;5;3m[RouterExplorer] [39m[32mMapped {/stories/:storyId/chapters, GET} route[39m[38;5;3m +0ms[39m
[32m[Nest] 791050  - [39m09/19/2025, 1:04:52 AM [32m    LOG[39m [38;5;3m[RouterExplorer] [39m[32mMapped {/stories/:storyId/chapters/:chapterId, GET} route[39m[38;5;3m +0ms[39m
[32m[Nest] 791050  - [39m09/19/2025, 1:04:52 AM [32m    LOG[39m [38;5;3m[RouterExplorer] [39m[32mMapped {/stories/:storyId/chapters/:chapterId, PUT} route[39m[38;5;3m +0ms[39m
[32m[Nest] 791050  - [39m09/19/2025, 1:04:52 AM [32m    LOG[39m [38;5;3m[RouterExplorer] [39m[32mMapped {/stories/:storyId/chapters/:chapterId, DELETE} route[39m[38;5;3m +1ms[39m
[32m[Nest] 791050  - [39m09/19/2025, 1:04:52 AM [32m    LOG[39m [38;5;3m[RouterExplorer] [39m[32mMapped {/stories/:storyId/chapters/reorder, POST} route[39m[38;5;3m +0ms[39m
[32m[Nest] 791050  - [39m09/19/2025, 1:04:52 AM [32m    LOG[39m [38;5;3m[RouterExplorer] [39m[32mMapped {/stories/:storyId/variables, POST} route[39m[38;5;3m +0ms[39m
[32m[Nest] 791050  - [39m09/19/2025, 1:04:52 AM [32m    LOG[39m [38;5;3m[RouterExplorer] [39m[32mMapped {/stories/:storyId/variables, GET} route[39m[38;5;3m +0ms[39m
[32m[Nest] 791050  - [39m09/19/2025, 1:04:52 AM [32m    LOG[39m [38;5;3m[RouterExplorer] [39m[32mMapped {/stories/:storyId/variables/:variableId, PUT} route[39m[38;5;3m +0ms[39m
[32m[Nest] 791050  - [39m09/19/2025, 1:04:52 AM [32m    LOG[39m [38;5;3m[RouterExplorer] [39m[32mMapped {/stories/:storyId/variables/:variableId, DELETE} route[39m[38;5;3m +0ms[39m
[32m[Nest] 791050  - [39m09/19/2025, 1:04:52 AM [32m    LOG[39m [38;5;3m[RouterExplorer] [39m[32mMapped {/stories/:storyId/items, POST} route[39m[38;5;3m +1ms[39m
[32m[Nest] 791050  - [39m09/19/2025, 1:04:52 AM [32m    LOG[39m [38;5;3m[RouterExplorer] [39m[32mMapped {/stories/:storyId/items, GET} route[39m[38;5;3m +0ms[39m
[32m[Nest] 791050  - [39m09/19/2025, 1:04:52 AM [32m    LOG[39m [38;5;3m[RouterExplorer] [39m[32mMapped {/stories/:storyId/items/:itemId, PUT} route[39m[38;5;3m +0ms[39m
[32m[Nest] 791050  - [39m09/19/2025, 1:04:52 AM [32m    LOG[39m [38;5;3m[RouterExplorer] [39m[32mMapped {/stories/:storyId/items/:itemId, DELETE} route[39m[38;5;3m +0ms[39m
[32m[Nest] 791050  - [39m09/19/2025, 1:04:52 AM [32m    LOG[39m [38;5;3m[RouterExplorer] [39m[32mMapped {/stories/:storyId/nodes, POST} route[39m[38;5;3m +0ms[39m
[32m[Nest] 791050  - [39m09/19/2025, 1:04:52 AM [32m    LOG[39m [38;5;3m[RouterExplorer] [39m[32mMapped {/stories/:storyId/nodes, GET} route[39m[38;5;3m +0ms[39m
[32m[Nest] 791050  - [39m09/19/2025, 1:04:52 AM [32m    LOG[39m [38;5;3m[RouterExplorer] [39m[32mMapped {/stories/nodes/:nodeId, PUT} route[39m[38;5;3m +0ms[39m
[32m[Nest] 791050  - [39m09/19/2025, 1:04:52 AM [32m    LOG[39m [38;5;3m[RouterExplorer] [39m[32mMapped {/stories/nodes/:nodeId, DELETE} route[39m[38;5;3m +1ms[39m
[32m[Nest] 791050  - [39m09/19/2025, 1:04:52 AM [32m    LOG[39m [38;5;3m[RouterExplorer] [39m[32mMapped {/stories/nodes/:fromNodeId/choices, POST} route[39m[38;5;3m +0ms[39m
[32m[Nest] 791050  - [39m09/19/2025, 1:04:52 AM [32m    LOG[39m [38;5;3m[RouterExplorer] [39m[32mMapped {/stories/choices/:choiceId, PUT} route[39m[38;5;3m +0ms[39m
[32m[Nest] 791050  - [39m09/19/2025, 1:04:52 AM [32m    LOG[39m [38;5;3m[RouterExplorer] [39m[32mMapped {/stories/choices/:choiceId, DELETE} route[39m[38;5;3m +0ms[39m
[32m[Nest] 791050  - [39m09/19/2025, 1:04:52 AM [32m    LOG[39m [38;5;3m[RoutesResolver] [39m[32mNodesController {/nodes}:[39m[38;5;3m +0ms[39m
[32m[Nest] 791050  - [39m09/19/2025, 1:04:52 AM [32m    LOG[39m [38;5;3m[RouterExplorer] [39m[32mMapped {/nodes, POST} route[39m[38;5;3m +0ms[39m
[32m[Nest] 791050  - [39m09/19/2025, 1:04:52 AM [32m    LOG[39m [38;5;3m[RouterExplorer] [39m[32mMapped {/nodes/story/:storyId, GET} route[39m[38;5;3m +0ms[39m
[32m[Nest] 791050  - [39m09/19/2025, 1:04:52 AM [32m    LOG[39m [38;5;3m[RouterExplorer] [39m[32mMapped {/nodes/:id, GET} route[39m[38;5;3m +1ms[39m
[32m[Nest] 791050  - [39m09/19/2025, 1:04:52 AM [32m    LOG[39m [38;5;3m[RouterExplorer] [39m[32mMapped {/nodes/:id, PATCH} route[39m[38;5;3m +0ms[39m
[32m[Nest] 791050  - [39m09/19/2025, 1:04:52 AM [32m    LOG[39m [38;5;3m[RouterExplorer] [39m[32mMapped {/nodes/:id, DELETE} route[39m[38;5;3m +0ms[39m
[32m[Nest] 791050  - [39m09/19/2025, 1:04:52 AM [32m    LOG[39m [38;5;3m[RoutesResolver] [39m[32mChoicesController {/choices}:[39m[38;5;3m +0ms[39m
[32m[Nest] 791050  - [39m09/19/2025, 1:04:52 AM [32m    LOG[39m [38;5;3m[RouterExplorer] [39m[32mMapped {/choices, POST} route[39m[38;5;3m +0ms[39m
[32m[Nest] 791050  - [39m09/19/2025, 1:04:52 AM [32m    LOG[39m [38;5;3m[RouterExplorer] [39m[32mMapped {/choices/story/:storyId, GET} route[39m[38;5;3m +0ms[39m
[32m[Nest] 791050  - [39m09/19/2025, 1:04:52 AM [32m    LOG[39m [38;5;3m[RouterExplorer] [39m[32mMapped {/choices/:id, GET} route[39m[38;5;3m +0ms[39m
[32m[Nest] 791050  - [39m09/19/2025, 1:04:52 AM [32m    LOG[39m [38;5;3m[RouterExplorer] [39m[32mMapped {/choices/:id, PATCH} route[39m[38;5;3m +0ms[39m
[32m[Nest] 791050  - [39m09/19/2025, 1:04:52 AM [32m    LOG[39m [38;5;3m[RouterExplorer] [39m[32mMapped {/choices/:id, DELETE} route[39m[38;5;3m +0ms[39m
[32m[Nest] 791050  - [39m09/19/2025, 1:04:52 AM [32m    LOG[39m [38;5;3m[RoutesResolver] [39m[32mUsersController {/users}:[39m[38;5;3m +1ms[39m
[32m[Nest] 791050  - [39m09/19/2025, 1:04:52 AM [32m    LOG[39m [38;5;3m[RouterExplorer] [39m[32mMapped {/users/profile, GET} route[39m[38;5;3m +0ms[39m
[32m[Nest] 791050  - [39m09/19/2025, 1:04:52 AM [32m    LOG[39m [38;5;3m[RouterExplorer] [39m[32mMapped {/users/profile, PUT} route[39m[38;5;3m +0ms[39m
[32m[Nest] 791050  - [39m09/19/2025, 1:04:52 AM [32m    LOG[39m [38;5;3m[RouterExplorer] [39m[32mMapped {/users/:userId, GET} route[39m[38;5;3m +0ms[39m
[32m[Nest] 791050  - [39m09/19/2025, 1:04:52 AM [32m    LOG[39m [38;5;3m[RoutesResolver] [39m[32mRpgTemplatesController {/rpg-templates}:[39m[38;5;3m +0ms[39m
[32m[Nest] 791050  - [39m09/19/2025, 1:04:52 AM [32m    LOG[39m [38;5;3m[RouterExplorer] [39m[32mMapped {/rpg-templates, POST} route[39m[38;5;3m +0ms[39m
[32m[Nest] 791050  - [39m09/19/2025, 1:04:52 AM [32m    LOG[39m [38;5;3m[RouterExplorer] [39m[32mMapped {/rpg-templates, GET} route[39m[38;5;3m +0ms[39m
[32m[Nest] 791050  - [39m09/19/2025, 1:04:52 AM [32m    LOG[39m [38;5;3m[RouterExplorer] [39m[32mMapped {/rpg-templates/:id, GET} route[39m[38;5;3m +0ms[39m
[32m[Nest] 791050  - [39m09/19/2025, 1:04:52 AM [32m    LOG[39m [38;5;3m[RouterExplorer] [39m[32mMapped {/rpg-templates/:id, PATCH} route[39m[38;5;3m +0ms[39m
[32m[Nest] 791050  - [39m09/19/2025, 1:04:52 AM [32m    LOG[39m [38;5;3m[RouterExplorer] [39m[32mMapped {/rpg-templates/:id, DELETE} route[39m[38;5;3m +0ms[39m
[32m[Nest] 791050  - [39m09/19/2025, 1:04:52 AM [32m    LOG[39m [38;5;3m[RoutesResolver] [39m[32mPlayerController {/player}:[39m[38;5;3m +0ms[39m
[32m[Nest] 791050  - [39m09/19/2025, 1:04:52 AM [32m    LOG[39m [38;5;3m[RouterExplorer] [39m[32mMapped {/player/sessions, POST} route[39m[38;5;3m +1ms[39m
[32m[Nest] 791050  - [39m09/19/2025, 1:04:52 AM [32m    LOG[39m [38;5;3m[RouterExplorer] [39m[32mMapped {/player/sessions/:sessionId, GET} route[39m[38;5;3m +0ms[39m
[32m[Nest] 791050  - [39m09/19/2025, 1:04:52 AM [32m    LOG[39m [38;5;3m[RouterExplorer] [39m[32mMapped {/player/sessions/:sessionId/choices, POST} route[39m[38;5;3m +0ms[39m
[32m[Nest] 791050  - [39m09/19/2025, 1:04:52 AM [32m    LOG[39m [38;5;3m[RouterExplorer] [39m[32mMapped {/player/sessions/:sessionId, PATCH} route[39m[38;5;3m +1ms[39m
[32m[Nest] 791050  - [39m09/19/2025, 1:04:52 AM [32m    LOG[39m [38;5;3m[RouterExplorer] [39m[32mMapped {/player/sessions, GET} route[39m[38;5;3m +0ms[39m
[32m[Nest] 791050  - [39m09/19/2025, 1:04:52 AM [32m    LOG[39m [38;5;3m[RouterExplorer] [39m[32mMapped {/player/sessions/:sessionId/details, GET} route[39m[38;5;3m +0ms[39m
[32m[Nest] 791050  - [39m09/19/2025, 1:04:52 AM [32m    LOG[39m [38;5;3m[RouterExplorer] [39m[32mMapped {/player/sessions/:sessionId/save, POST} route[39m[38;5;3m +0ms[39m
[32m[Nest] 791050  - [39m09/19/2025, 1:04:52 AM [32m    LOG[39m [38;5;3m[RouterExplorer] [39m[32mMapped {/player/saved-games/load, POST} route[39m[38;5;3m +1ms[39m
[32m[Nest] 791050  - [39m09/19/2025, 1:04:52 AM [32m    LOG[39m [38;5;3m[RouterExplorer] [39m[32mMapped {/player/saved-games, GET} route[39m[38;5;3m +0ms[39m
[32m[Nest] 791050  - [39m09/19/2025, 1:04:52 AM [32m    LOG[39m [38;5;3m[RouterExplorer] [39m[32mMapped {/player/saved-games/:savedGameId, DELETE} route[39m[38;5;3m +1ms[39m
[32m[Nest] 791050  - [39m09/19/2025, 1:04:52 AM [32m    LOG[39m [38;5;3m[RoutesResolver] [39m[32mAchievementsController {/achievements}:[39m[38;5;3m +0ms[39m
[32m[Nest] 791050  - [39m09/19/2025, 1:04:52 AM [32m    LOG[39m [38;5;3m[RouterExplorer] [39m[32mMapped {/achievements, GET} route[39m[38;5;3m +1ms[39m
[32m[Nest] 791050  - [39m09/19/2025, 1:04:52 AM [32m    LOG[39m [38;5;3m[RouterExplorer] [39m[32mMapped {/achievements/user, GET} route[39m[38;5;3m +0ms[39m
[32m[Nest] 791050  - [39m09/19/2025, 1:04:52 AM [32m    LOG[39m [38;5;3m[RouterExplorer] [39m[32mMapped {/achievements/stats, GET} route[39m[38;5;3m +1ms[39m
[32m[Nest] 791050  - [39m09/19/2025, 1:04:52 AM [32m    LOG[39m [38;5;3m[RoutesResolver] [39m[32mSocialController {/social}:[39m[38;5;3m +0ms[39m
[32m[Nest] 791050  - [39m09/19/2025, 1:04:52 AM [32m    LOG[39m [38;5;3m[RouterExplorer] [39m[32mMapped {/social/users/:userId/follow, POST} route[39m[38;5;3m +0ms[39m
[32m[Nest] 791050  - [39m09/19/2025, 1:04:52 AM [32m    LOG[39m [38;5;3m[RouterExplorer] [39m[32mMapped {/social/users/:userId/follow, DELETE} route[39m[38;5;3m +0ms[39m
[32m[Nest] 791050  - [39m09/19/2025, 1:04:52 AM [32m    LOG[39m [38;5;3m[RouterExplorer] [39m[32mMapped {/social/users/:userId/followers, GET} route[39m[38;5;3m +0ms[39m
[32m[Nest] 791050  - [39m09/19/2025, 1:04:52 AM [32m    LOG[39m [38;5;3m[RouterExplorer] [39m[32mMapped {/social/users/:userId/following, GET} route[39m[38;5;3m +1ms[39m
[32m[Nest] 791050  - [39m09/19/2025, 1:04:52 AM [32m    LOG[39m [38;5;3m[RouterExplorer] [39m[32mMapped {/social/users/:userId/is-following, GET} route[39m[38;5;3m +0ms[39m
[32m[Nest] 791050  - [39m09/19/2025, 1:04:52 AM [32m    LOG[39m [38;5;3m[RouterExplorer] [39m[32mMapped {/social/stories/:storyId/rate, POST} route[39m[38;5;3m +0ms[39m
[32m[Nest] 791050  - [39m09/19/2025, 1:04:52 AM [32m    LOG[39m [38;5;3m[RouterExplorer] [39m[32mMapped {/social/stories/:storyId/rating, GET} route[39m[38;5;3m +0ms[39m
[32m[Nest] 791050  - [39m09/19/2025, 1:04:52 AM [32m    LOG[39m [38;5;3m[RouterExplorer] [39m[32mMapped {/social/stories/:storyId/ratings, GET} route[39m[38;5;3m +0ms[39m
[32m[Nest] 791050  - [39m09/19/2025, 1:04:52 AM [32m    LOG[39m [38;5;3m[RouterExplorer] [39m[32mMapped {/social/stories/:storyId/comments, POST} route[39m[38;5;3m +0ms[39m
[32m[Nest] 791050  - [39m09/19/2025, 1:04:52 AM [32m    LOG[39m [38;5;3m[RouterExplorer] [39m[32mMapped {/social/stories/:storyId/comments, GET} route[39m[38;5;3m +1ms[39m
[32m[Nest] 791050  - [39m09/19/2025, 1:04:52 AM [32m    LOG[39m [38;5;3m[RouterExplorer] [39m[32mMapped {/social/comments/:commentId, DELETE} route[39m[38;5;3m +0ms[39m
[32m[Nest] 791050  - [39m09/19/2025, 1:04:52 AM [32m    LOG[39m [38;5;3m[RouterExplorer] [39m[32mMapped {/social/stories/:storyId/bookmark, POST} route[39m[38;5;3m +0ms[39m
[32m[Nest] 791050  - [39m09/19/2025, 1:04:52 AM [32m    LOG[39m [38;5;3m[RouterExplorer] [39m[32mMapped {/social/stories/:storyId/bookmark, DELETE} route[39m[38;5;3m +0ms[39m
[32m[Nest] 791050  - [39m09/19/2025, 1:04:52 AM [32m    LOG[39m [38;5;3m[RouterExplorer] [39m[32mMapped {/social/bookmarks, GET} route[39m[38;5;3m +0ms[39m
[32m[Nest] 791050  - [39m09/19/2025, 1:04:52 AM [32m    LOG[39m [38;5;3m[RouterExplorer] [39m[32mMapped {/social/stories/:storyId/is-bookmarked, GET} route[39m[38;5;3m +0ms[39m
[32m[Nest] 791050  - [39m09/19/2025, 1:04:52 AM [32m    LOG[39m [38;5;3m[RoutesResolver] [39m[32mDiscoveryController {/discovery}:[39m[38;5;3m +0ms[39m
[32m[Nest] 791050  - [39m09/19/2025, 1:04:52 AM [32m    LOG[39m [38;5;3m[RouterExplorer] [39m[32mMapped {/discovery/stories, GET} route[39m[38;5;3m +1ms[39m
[32m[Nest] 791050  - [39m09/19/2025, 1:04:52 AM [32m    LOG[39m [38;5;3m[RouterExplorer] [39m[32mMapped {/discovery/featured, GET} route[39m[38;5;3m +0ms[39m
[32m[Nest] 791050  - [39m09/19/2025, 1:04:52 AM [32m    LOG[39m [38;5;3m[RouterExplorer] [39m[32mMapped {/discovery/trending, GET} route[39m[38;5;3m +0ms[39m
[32m[Nest] 791050  - [39m09/19/2025, 1:04:52 AM [32m    LOG[39m [38;5;3m[RouterExplorer] [39m[32mMapped {/discovery/recommended, GET} route[39m[38;5;3m +0ms[39m
[32m[Nest] 791050  - [39m09/19/2025, 1:04:52 AM [32m    LOG[39m [38;5;3m[RouterExplorer] [39m[32mMapped {/discovery/categories, GET} route[39m[38;5;3m +0ms[39m
[32m[Nest] 791050  - [39m09/19/2025, 1:04:52 AM [32m    LOG[39m [38;5;3m[RouterExplorer] [39m[32mMapped {/discovery/tags, GET} route[39m[38;5;3m +0ms[39m
[32m[Nest] 791050  - [39m09/19/2025, 1:04:52 AM [32m    LOG[39m [38;5;3m[NestApplication] [39m[32mNest application successfully started[39m[38;5;3m +52ms[39m
Server is listening on port 3000
